01:50:21.878 skipping bootstrap configuration: could not find or read file: classpath:karate-config.js
01:50:21.880 request:
1 > GET https://dog.ceo/api/breeds/list/all
1 > Accept-Encoding: gzip,deflate
1 > Connection: Keep-Alive
1 > Host: dog.ceo
1 > User-Agent: Apache-HttpClient/4.5.5 (Java/1.8.0_171)

01:50:22.533 response time in milliseconds: 651.01
1 < 200
1 < Access-Control-Allow-Origin: *
1 < Age: 0
1 < CF-Cache-Status: DYNAMIC
1 < CF-RAY: 52a79d04a82ad105-TXL
1 < Cache-Control: max-age=1800
1 < Connection: keep-alive
1 < Content-Type: application/json
1 < Date: Wed, 23 Oct 2019 23:50:27 GMT
1 < Expect-CT: max-age=604800, report-uri="https://report-uri.cloudflare.com/cdn-cgi/beacon/expect-ct"
1 < Server: cloudflare
1 < Set-Cookie: __cfduid=db1bea427b1bafb658579554bfb385b851571874627; expires=Thu, 22-Oct-20 23:50:27 GMT; path=/; domain=.dog.ceo; HttpOnly; Secure
1 < Transfer-Encoding: chunked
1 < Vary: 
1 < Via: 1.1 varnish (Varnish/6.2), 1.1 varnish (Varnish/6.3)
1 < X-Cache: HIT
1 < X-Cache-Age: 748
1 < X-Cache-Hits: 164
1 < X-Powered-By: PHP/7.3.0
{"message":{"affenpinscher":[],"african":[],"airedale":[],"akita":[],"appenzeller":[],"basenji":[],"beagle":[],"bluetick":[],"borzoi":[],"bouvier":[],"boxer":[],"brabancon":[],"briard":[],"buhund":["norwegian"],"bulldog":["boston","english","french"],"bullterrier":["staffordshire"],"cairn":[],"cattledog":["australian"],"chihuahua":[],"chow":[],"clumber":[],"cockapoo":[],"collie":["border"],"coonhound":[],"corgi":["cardigan"],"cotondetulear":[],"dachshund":[],"dalmatian":[],"dane":["great"],"deerhound":["scottish"],"dhole":[],"dingo":[],"doberman":[],"elkhound":["norwegian"],"entlebucher":[],"eskimo":[],"frise":["bichon"],"germanshepherd":[],"greyhound":["italian"],"groenendael":[],"hound":["afghan","basset","blood","english","ibizan","walker"],"husky":[],"keeshond":[],"kelpie":[],"komondor":[],"kuvasz":[],"labrador":[],"leonberg":[],"lhasa":[],"malamute":[],"malinois":[],"maltese":[],"mastiff":["bull","english","tibetan"],"mexicanhairless":[],"mix":[],"mountain":["bernese","swiss"],"newfoundland":[],"otterhound":[],"papillon":[],"pekinese":[],"pembroke":[],"pinscher":["miniature"],"pointer":["german","germanlonghair"],"pomeranian":[],"poodle":["miniature","standard","toy"],"pug":[],"puggle":[],"pyrenees":[],"redbone":[],"retriever":["chesapeake","curly","flatcoated","golden"],"ridgeback":["rhodesian"],"rottweiler":[],"saluki":[],"samoyed":[],"schipperke":[],"schnauzer":["giant","miniature"],"setter":["english","gordon","irish"],"sheepdog":["english","shetland"],"shiba":[],"shihtzu":[],"spaniel":["blenheim","brittany","cocker","irish","japanese","sussex","welsh"],"springer":["english"],"stbernard":[],"terrier":["american","australian","bedlington","border","dandie","fox","irish","kerryblue","lakeland","norfolk","norwich","patterdale","russell","scottish","sealyham","silky","tibetan","toy","westhighland","wheaten","yorkshire"],"vizsla":[],"waterdog":["spanish"],"weimaraner":[],"whippet":[],"wolfhound":["irish"]},"status":"success"}

01:50:22.545 [print] [
  "chesapeake",
  "curly",
  "flatcoated",
  "golden"
]

