01:22:53.634 [main] INFO  com.intuit.karate - karate.env system property was: null 
01:22:55.659 [main] DEBUG com.intuit.karate - request:
1 > GET https://jsonplaceholder.typicode.com/users
1 > Accept-Encoding: gzip,deflate
1 > Connection: Keep-Alive
1 > Host: jsonplaceholder.typicode.com
1 > User-Agent: Apache-HttpClient/4.5.5 (Java/1.8.0_171)

01:22:56.832 [main] DEBUG com.intuit.karate - response time in milliseconds: 1133.00
1 < 200
1 < Access-Control-Allow-Credentials: true
1 < Age: 1097
1 < CF-Cache-Status: HIT
1 < CF-RAY: 52a774d69d59c791-AMS
1 < Cache-Control: public, max-age=14400
1 < Connection: keep-alive
1 < Content-Type: application/json; charset=utf-8
1 < Date: Wed, 23 Oct 2019 23:23:01 GMT
1 < Etag: W/"160d-1eMSsxeJRfnVLRBmYJSbCiJZ1qQ"
1 < Expect-CT: max-age=604800, report-uri="https://report-uri.cloudflare.com/cdn-cgi/beacon/expect-ct"
1 < Expires: Thu, 24 Oct 2019 03:23:01 GMT
1 < Pragma: no-cache
1 < Server: cloudflare
1 < Set-Cookie: __cfduid=dad18bf92629f407db82a47f5961e66c21571872981; expires=Thu, 22-Oct-20 23:23:01 GMT; path=/; domain=.typicode.com; HttpOnly
1 < Transfer-Encoding: chunked
1 < Vary: Origin, Accept-Encoding
1 < Via: 1.1 vegur
1 < X-Content-Type-Options: nosniff
1 < X-Powered-By: Express
[
  {
    "id": 1,
    "name": "Leanne Graham",
    "username": "Bret",
    "email": "Sincere@april.biz",
    "address": {
      "street": "Kulas Light",
      "suite": "Apt. 556",
      "city": "Gwenborough",
      "zipcode": "92998-3874",
      "geo": {
        "lat": "-37.3159",
        "lng": "81.1496"
      }
    },
    "phone": "1-770-736-8031 x56442",
    "website": "hildegard.org",
    "company": {
      "name": "Romaguera-Crona",
      "catchPhrase": "Multi-layered client-server neural-net",
      "bs": "harness real-time e-markets"
    }
  },
  {
    "id": 2,
    "name": "Ervin Howell",
    "username": "Antonette",
    "email": "Shanna@melissa.tv",
    "address": {
      "street": "Victor Plains",
      "suite": "Suite 879",
      "city": "Wisokyburgh",
      "zipcode": "90566-7771",
      "geo": {
        "lat": "-43.9509",
        "lng": "-34.4618"
      }
    },
    "phone": "010-692-6593 x09125",
    "website": "anastasia.net",
    "company": {
      "name": "Deckow-Crist",
      "catchPhrase": "Proactive didactic contingency",
      "bs": "synergize scalable supply-chains"
    }
  },
  {
    "id": 3,
    "name": "Clementine Bauch",
    "username": "Samantha",
    "email": "Nathan@yesenia.net",
    "address": {
      "street": "Douglas Extension",
      "suite": "Suite 847",
      "city": "McKenziehaven",
      "zipcode": "59590-4157",
      "geo": {
        "lat": "-68.6102",
        "lng": "-47.0653"
      }
    },
    "phone": "1-463-123-4447",
    "website": "ramiro.info",
    "company": {
      "name": "Romaguera-Jacobson",
      "catchPhrase": "Face to face bifurcated interface",
      "bs": "e-enable strategic applications"
    }
  },
  {
    "id": 4,
    "name": "Patricia Lebsack",
    "username": "Karianne",
    "email": "Julianne.OConner@kory.org",
    "address": {
      "street": "Hoeger Mall",
      "suite": "Apt. 692",
      "city": "South Elvis",
      "zipcode": "53919-4257",
      "geo": {
        "lat": "29.4572",
        "lng": "-164.2990"
      }
    },
    "phone": "493-170-9623 x156",
    "website": "kale.biz",
    "company": {
      "name": "Robel-Corkery",
      "catchPhrase": "Multi-tiered zero tolerance productivity",
      "bs": "transition cutting-edge web services"
    }
  },
  {
    "id": 5,
    "name": "Chelsey Dietrich",
    "username": "Kamren",
    "email": "Lucio_Hettinger@annie.ca",
    "address": {
      "street": "Skiles Walks",
      "suite": "Suite 351",
      "city": "Roscoeview",
      "zipcode": "33263",
      "geo": {
        "lat": "-31.8129",
        "lng": "62.5342"
      }
    },
    "phone": "(254)954-1289",
    "website": "demarco.info",
    "company": {
      "name": "Keebler LLC",
      "catchPhrase": "User-centric fault-tolerant solution",
      "bs": "revolutionize end-to-end systems"
    }
  },
  {
    "id": 6,
    "name": "Mrs. Dennis Schulist",
    "username": "Leopoldo_Corkery",
    "email": "Karley_Dach@jasper.info",
    "address": {
      "street": "Norberto Crossing",
      "suite": "Apt. 950",
      "city": "South Christy",
      "zipcode": "23505-1337",
      "geo": {
        "lat": "-71.4197",
        "lng": "71.7478"
      }
    },
    "phone": "1-477-935-8478 x6430",
    "website": "ola.org",
    "company": {
      "name": "Considine-Lockman",
      "catchPhrase": "Synchronised bottom-line interface",
      "bs": "e-enable innovative applications"
    }
  },
  {
    "id": 7,
    "name": "Kurtis Weissnat",
    "username": "Elwyn.Skiles",
    "email": "Telly.Hoeger@billy.biz",
    "address": {
      "street": "Rex Trail",
      "suite": "Suite 280",
      "city": "Howemouth",
      "zipcode": "58804-1099",
      "geo": {
        "lat": "24.8918",
        "lng": "21.8984"
      }
    },
    "phone": "210.067.6132",
    "website": "elvis.io",
    "company": {
      "name": "Johns Group",
      "catchPhrase": "Configurable multimedia task-force",
      "bs": "generate enterprise e-tailers"
    }
  },
  {
    "id": 8,
    "name": "Nicholas Runolfsdottir V",
    "username": "Maxime_Nienow",
    "email": "Sherwood@rosamond.me",
    "address": {
      "street": "Ellsworth Summit",
      "suite": "Suite 729",
      "city": "Aliyaview",
      "zipcode": "45169",
      "geo": {
        "lat": "-14.3990",
        "lng": "-120.7677"
      }
    },
    "phone": "586.493.6943 x140",
    "website": "jacynthe.com",
    "company": {
      "name": "Abernathy Group",
      "catchPhrase": "Implemented secondary concept",
      "bs": "e-enable extensible e-tailers"
    }
  },
  {
    "id": 9,
    "name": "Glenna Reichert",
    "username": "Delphine",
    "email": "Chaim_McDermott@dana.io",
    "address": {
      "street": "Dayna Park",
      "suite": "Suite 449",
      "city": "Bartholomebury",
      "zipcode": "76495-3109",
      "geo": {
        "lat": "24.6463",
        "lng": "-168.8889"
      }
    },
    "phone": "(775)976-6794 x41206",
    "website": "conrad.com",
    "company": {
      "name": "Yost and Sons",
      "catchPhrase": "Switchable contextually-based project",
      "bs": "aggregate real-time technologies"
    }
  },
  {
    "id": 10,
    "name": "Clementina DuBuque",
    "username": "Moriah.Stanton",
    "email": "Rey.Padberg@karina.biz",
    "address": {
      "street": "Kattie Turnpike",
      "suite": "Suite 198",
      "city": "Lebsackbury",
      "zipcode": "31428-2261",
      "geo": {
        "lat": "-38.2386",
        "lng": "57.2232"
      }
    },
    "phone": "024-648-3804",
    "website": "ambrose.net",
    "company": {
      "name": "Hoeger LLC",
      "catchPhrase": "Centralized empowering task-force",
      "bs": "target end-to-end models"
    }
  }
]

01:22:56.919 [main] DEBUG com.intuit.karate - request:
2 > GET https://jsonplaceholder.typicode.com/users/1
2 > Accept-Encoding: gzip,deflate
2 > Connection: Keep-Alive
2 > Cookie: __cfduid=dad18bf92629f407db82a47f5961e66c21571872981
2 > Host: jsonplaceholder.typicode.com
2 > User-Agent: Apache-HttpClient/4.5.5 (Java/1.8.0_171)

01:22:57.798 [main] DEBUG com.intuit.karate - response time in milliseconds: 878.14
2 < 200
2 < Access-Control-Allow-Credentials: true
2 < CF-Cache-Status: REVALIDATED
2 < CF-RAY: 52a774db6972bf46-AMS
2 < Cache-Control: public, max-age=14400
2 < Connection: keep-alive
2 < Content-Type: application/json; charset=utf-8
2 < Date: Wed, 23 Oct 2019 23:23:02 GMT
2 < Etag: W/"1fd-+2Y3G3w049iSZtw5t1mzSnunngE"
2 < Expect-CT: max-age=604800, report-uri="https://report-uri.cloudflare.com/cdn-cgi/beacon/expect-ct"
2 < Expires: Thu, 24 Oct 2019 03:23:02 GMT
2 < Pragma: no-cache
2 < Server: cloudflare
2 < Transfer-Encoding: chunked
2 < Vary: Origin, Accept-Encoding
2 < Via: 1.1 vegur
2 < X-Content-Type-Options: nosniff
2 < X-Powered-By: Express
{
  "id": 1,
  "name": "Leanne Graham",
  "username": "Bret",
  "email": "Sincere@april.biz",
  "address": {
    "street": "Kulas Light",
    "suite": "Apt. 556",
    "city": "Gwenborough",
    "zipcode": "92998-3874",
    "geo": {
      "lat": "-37.3159",
      "lng": "81.1496"
    }
  },
  "phone": "1-770-736-8031 x56442",
  "website": "hildegard.org",
  "company": {
    "name": "Romaguera-Crona",
    "catchPhrase": "Multi-layered client-server neural-net",
    "bs": "harness real-time e-markets"
  }
}

01:22:57.875 [main] INFO  com.intuit.karate - karate.env system property was: null 
01:22:57.885 [main] DEBUG com.intuit.karate - request:
1 > POST https://jsonplaceholder.typicode.com/users
1 > Accept-Encoding: gzip,deflate
1 > Connection: Keep-Alive
1 > Content-Length: 160
1 > Content-Type: application/json; charset=UTF-8
1 > Host: jsonplaceholder.typicode.com
1 > User-Agent: Apache-HttpClient/4.5.5 (Java/1.8.0_171)
{"name":"Test User","username":"testuser","email":"test@user.com","address":{"street":"Has No Name","suite":"Apt. 123","city":"Electri","zipcode":"54321-6789"}}

01:22:58.775 [main] DEBUG com.intuit.karate - response time in milliseconds: 889.69
1 < 201
1 < Access-Control-Allow-Credentials: true
1 < Access-Control-Expose-Headers: Location
1 < CF-Cache-Status: DYNAMIC
1 < CF-RAY: 52a774e139f4c79d-AMS
1 < Cache-Control: no-cache
1 < Connection: keep-alive
1 < Content-Length: 216
1 < Content-Type: application/json; charset=utf-8
1 < Date: Wed, 23 Oct 2019 23:23:03 GMT
1 < Etag: W/"d8-pYV7+YuMGP2hxHPU9ARrf97ifDA"
1 < Expect-CT: max-age=604800, report-uri="https://report-uri.cloudflare.com/cdn-cgi/beacon/expect-ct"
1 < Expires: -1
1 < Location: http://jsonplaceholder.typicode.com/users/11
1 < Pragma: no-cache
1 < Server: cloudflare
1 < Set-Cookie: __cfduid=da7c20d53550e206d77f9a534c723ac901571872983; expires=Thu, 22-Oct-20 23:23:03 GMT; path=/; domain=.typicode.com; HttpOnly
1 < Vary: Origin, X-HTTP-Method-Override, Accept-Encoding
1 < Via: 1.1 vegur
1 < X-Content-Type-Options: nosniff
1 < X-Powered-By: Express
{
  "name": "Test User",
  "username": "testuser",
  "email": "test@user.com",
  "address": {
    "street": "Has No Name",
    "suite": "Apt. 123",
    "city": "Electri",
    "zipcode": "54321-6789"
  },
  "id": 11
}

01:22:58.795 [main] INFO  com.intuit.karate - [print] created id is:  11
01:25:09.301 [main] ERROR com.intuit.karate.core.FeatureParser - syntax error: mismatched input '<EOF>' expecting {FEATURE_TAGS, FEATURE}
01:25:09.304 [main] ERROR com.intuit.karate.core.FeatureParser - not a valid feature file: classpath:dogs/RandomSubBreedImage.feature - mismatched input '<EOF>' expecting {FEATURE_TAGS, FEATURE}
01:36:23.876 [main] INFO  com.intuit.karate - karate.env system property was: null 
01:36:25.745 [main] DEBUG com.intuit.karate - request:
1 > GET https://dog.ceo/api/breeds/list/all
1 > Accept-Encoding: gzip,deflate
1 > Connection: Keep-Alive
1 > Host: dog.ceo
1 > User-Agent: Apache-HttpClient/4.5.5 (Java/1.8.0_171)

01:36:27.151 [main] DEBUG com.intuit.karate - response time in milliseconds: 1373.13
1 < 200
1 < Access-Control-Allow-Origin: *
1 < Age: 0
1 < CF-Cache-Status: DYNAMIC
1 < CF-RAY: 52a7889eeab7d0fd-TXL
1 < Cache-Control: max-age=1800
1 < Connection: keep-alive
1 < Content-Type: application/json
1 < Date: Wed, 23 Oct 2019 23:36:31 GMT
1 < Expect-CT: max-age=604800, report-uri="https://report-uri.cloudflare.com/cdn-cgi/beacon/expect-ct"
1 < Server: cloudflare
1 < Set-Cookie: __cfduid=d3d08611920451d437b8cba14c5eb33ef1571873791; expires=Thu, 22-Oct-20 23:36:31 GMT; path=/; domain=.dog.ceo; HttpOnly; Secure
1 < Transfer-Encoding: chunked
1 < Vary: 
1 < Via: 1.1 varnish (Varnish/6.2), 1.1 varnish (Varnish/6.3)
1 < X-Cache: HIT
1 < X-Cache-Age: 21513
1 < X-Cache-Hits: 5423
1 < X-Powered-By: PHP/7.3.0
{"message":{"affenpinscher":[],"african":[],"airedale":[],"akita":[],"appenzeller":[],"basenji":[],"beagle":[],"bluetick":[],"borzoi":[],"bouvier":[],"boxer":[],"brabancon":[],"briard":[],"buhund":["norwegian"],"bulldog":["boston","english","french"],"bullterrier":["staffordshire"],"cairn":[],"cattledog":["australian"],"chihuahua":[],"chow":[],"clumber":[],"cockapoo":[],"collie":["border"],"coonhound":[],"corgi":["cardigan"],"cotondetulear":[],"dachshund":[],"dalmatian":[],"dane":["great"],"deerhound":["scottish"],"dhole":[],"dingo":[],"doberman":[],"elkhound":["norwegian"],"entlebucher":[],"eskimo":[],"frise":["bichon"],"germanshepherd":[],"greyhound":["italian"],"groenendael":[],"hound":["afghan","basset","blood","english","ibizan","walker"],"husky":[],"keeshond":[],"kelpie":[],"komondor":[],"kuvasz":[],"labrador":[],"leonberg":[],"lhasa":[],"malamute":[],"malinois":[],"maltese":[],"mastiff":["bull","english","tibetan"],"mexicanhairless":[],"mix":[],"mountain":["bernese","swiss"],"newfoundland":[],"otterhound":[],"papillon":[],"pekinese":[],"pembroke":[],"pinscher":["miniature"],"pointer":["german","germanlonghair"],"pomeranian":[],"poodle":["miniature","standard","toy"],"pug":[],"puggle":[],"pyrenees":[],"redbone":[],"retriever":["chesapeake","curly","flatcoated","golden"],"ridgeback":["rhodesian"],"rottweiler":[],"saluki":[],"samoyed":[],"schipperke":[],"schnauzer":["giant","miniature"],"setter":["english","gordon","irish"],"sheepdog":["english","shetland"],"shiba":[],"shihtzu":[],"spaniel":["blenheim","brittany","cocker","irish","japanese","sussex","welsh"],"springer":["english"],"stbernard":[],"terrier":["american","australian","bedlington","border","dandie","fox","irish","kerryblue","lakeland","norfolk","norwich","patterdale","russell","scottish","sealyham","silky","tibetan","toy","westhighland","wheaten","yorkshire"],"vizsla":[],"waterdog":["spanish"],"weimaraner":[],"whippet":[],"wolfhound":["irish"]},"status":"success"}

01:36:27.222 [main] INFO  com.intuit.karate - [print] {
  "affenpinscher": [
  ],
  "african": [
  ],
  "airedale": [
  ],
  "akita": [
  ],
  "appenzeller": [
  ],
  "basenji": [
  ],
  "beagle": [
  ],
  "bluetick": [
  ],
  "borzoi": [
  ],
  "bouvier": [
  ],
  "boxer": [
  ],
  "brabancon": [
  ],
  "briard": [
  ],
  "buhund": [
    "norwegian"
  ],
  "bulldog": [
    "boston",
    "english",
    "french"
  ],
  "bullterrier": [
    "staffordshire"
  ],
  "cairn": [
  ],
  "cattledog": [
    "australian"
  ],
  "chihuahua": [
  ],
  "chow": [
  ],
  "clumber": [
  ],
  "cockapoo": [
  ],
  "collie": [
    "border"
  ],
  "coonhound": [
  ],
  "corgi": [
    "cardigan"
  ],
  "cotondetulear": [
  ],
  "dachshund": [
  ],
  "dalmatian": [
  ],
  "dane": [
    "great"
  ],
  "deerhound": [
    "scottish"
  ],
  "dhole": [
  ],
  "dingo": [
  ],
  "doberman": [
  ],
  "elkhound": [
    "norwegian"
  ],
  "entlebucher": [
  ],
  "eskimo": [
  ],
  "frise": [
    "bichon"
  ],
  "germanshepherd": [
  ],
  "greyhound": [
    "italian"
  ],
  "groenendael": [
  ],
  "hound": [
    "afghan",
    "basset",
    "blood",
    "english",
    "ibizan",
    "walker"
  ],
  "husky": [
  ],
  "keeshond": [
  ],
  "kelpie": [
  ],
  "komondor": [
  ],
  "kuvasz": [
  ],
  "labrador": [
  ],
  "leonberg": [
  ],
  "lhasa": [
  ],
  "malamute": [
  ],
  "malinois": [
  ],
  "maltese": [
  ],
  "mastiff": [
    "bull",
    "english",
    "tibetan"
  ],
  "mexicanhairless": [
  ],
  "mix": [
  ],
  "mountain": [
    "bernese",
    "swiss"
  ],
  "newfoundland": [
  ],
  "otterhound": [
  ],
  "papillon": [
  ],
  "pekinese": [
  ],
  "pembroke": [
  ],
  "pinscher": [
    "miniature"
  ],
  "pointer": [
    "german",
    "germanlonghair"
  ],
  "pomeranian": [
  ],
  "poodle": [
    "miniature",
    "standard",
    "toy"
  ],
  "pug": [
  ],
  "puggle": [
  ],
  "pyrenees": [
  ],
  "redbone": [
  ],
  "retriever": [
    "chesapeake",
    "curly",
    "flatcoated",
    "golden"
  ],
  "ridgeback": [
    "rhodesian"
  ],
  "rottweiler": [
  ],
  "saluki": [
  ],
  "samoyed": [
  ],
  "schipperke": [
  ],
  "schnauzer": [
    "giant",
    "miniature"
  ],
  "setter": [
    "english",
    "gordon",
    "irish"
  ],
  "sheepdog": [
    "english",
    "shetland"
  ],
  "shiba": [
  ],
  "shihtzu": [
  ],
  "spaniel": [
    "blenheim",
    "brittany",
    "cocker",
    "irish",
    "japanese",
    "sussex",
    "welsh"
  ],
  "springer": [
    "english"
  ],
  "stbernard": [
  ],
  "terrier": [
    "american",
    "australian",
    "bedlington",
    "border",
    "dandie",
    "fox",
    "irish",
    "kerryblue",
    "lakeland",
    "norfolk",
    "norwich",
    "patterdale",
    "russell",
    "scottish",
    "sealyham",
    "silky",
    "tibetan",
    "toy",
    "westhighland",
    "wheaten",
    "yorkshire"
  ],
  "vizsla": [
  ],
  "waterdog": [
    "spanish"
  ],
  "weimaraner": [
  ],
  "whippet": [
  ],
  "wolfhound": [
    "irish"
  ]
}

01:36:27.285 [main] INFO  com.intuit.karate - karate.env system property was: null 
01:36:27.287 [main] DEBUG com.intuit.karate - request:
1 > GET https://dog.ceo/api/breeds/list/all
1 > Accept-Encoding: gzip,deflate
1 > Connection: Keep-Alive
1 > Host: dog.ceo
1 > User-Agent: Apache-HttpClient/4.5.5 (Java/1.8.0_171)

01:36:28.108 [main] DEBUG com.intuit.karate - response time in milliseconds: 820.79
1 < 200
1 < Access-Control-Allow-Origin: *
1 < Age: 0
1 < CF-Cache-Status: DYNAMIC
1 < CF-RAY: 52a788a55af7d109-TXL
1 < Cache-Control: max-age=1800
1 < Connection: keep-alive
1 < Content-Type: application/json
1 < Date: Wed, 23 Oct 2019 23:36:32 GMT
1 < Expect-CT: max-age=604800, report-uri="https://report-uri.cloudflare.com/cdn-cgi/beacon/expect-ct"
1 < Server: cloudflare
1 < Set-Cookie: __cfduid=d27545196e05455af5d57acfa51e3d1bf1571873792; expires=Thu, 22-Oct-20 23:36:32 GMT; path=/; domain=.dog.ceo; HttpOnly; Secure
1 < Transfer-Encoding: chunked
1 < Vary: 
1 < Via: 1.1 varnish (Varnish/6.2), 1.1 varnish (Varnish/6.2)
1 < X-Cache: HIT
1 < X-Cache-Age: 21514
1 < X-Cache-Hits: 5424
1 < X-Powered-By: PHP/7.3.0
{"message":{"affenpinscher":[],"african":[],"airedale":[],"akita":[],"appenzeller":[],"basenji":[],"beagle":[],"bluetick":[],"borzoi":[],"bouvier":[],"boxer":[],"brabancon":[],"briard":[],"buhund":["norwegian"],"bulldog":["boston","english","french"],"bullterrier":["staffordshire"],"cairn":[],"cattledog":["australian"],"chihuahua":[],"chow":[],"clumber":[],"cockapoo":[],"collie":["border"],"coonhound":[],"corgi":["cardigan"],"cotondetulear":[],"dachshund":[],"dalmatian":[],"dane":["great"],"deerhound":["scottish"],"dhole":[],"dingo":[],"doberman":[],"elkhound":["norwegian"],"entlebucher":[],"eskimo":[],"frise":["bichon"],"germanshepherd":[],"greyhound":["italian"],"groenendael":[],"hound":["afghan","basset","blood","english","ibizan","walker"],"husky":[],"keeshond":[],"kelpie":[],"komondor":[],"kuvasz":[],"labrador":[],"leonberg":[],"lhasa":[],"malamute":[],"malinois":[],"maltese":[],"mastiff":["bull","english","tibetan"],"mexicanhairless":[],"mix":[],"mountain":["bernese","swiss"],"newfoundland":[],"otterhound":[],"papillon":[],"pekinese":[],"pembroke":[],"pinscher":["miniature"],"pointer":["german","germanlonghair"],"pomeranian":[],"poodle":["miniature","standard","toy"],"pug":[],"puggle":[],"pyrenees":[],"redbone":[],"retriever":["chesapeake","curly","flatcoated","golden"],"ridgeback":["rhodesian"],"rottweiler":[],"saluki":[],"samoyed":[],"schipperke":[],"schnauzer":["giant","miniature"],"setter":["english","gordon","irish"],"sheepdog":["english","shetland"],"shiba":[],"shihtzu":[],"spaniel":["blenheim","brittany","cocker","irish","japanese","sussex","welsh"],"springer":["english"],"stbernard":[],"terrier":["american","australian","bedlington","border","dandie","fox","irish","kerryblue","lakeland","norfolk","norwich","patterdale","russell","scottish","sealyham","silky","tibetan","toy","westhighland","wheaten","yorkshire"],"vizsla":[],"waterdog":["spanish"],"weimaraner":[],"whippet":[],"wolfhound":["irish"]},"status":"success"}

01:36:28.142 [main] INFO  com.intuit.karate - [print] [
  "chesapeake",
  "curly",
  "flatcoated",
  "golden"
]

01:36:28.644 [main] INFO  com.intuit.karate - karate.env system property was: null 
01:36:28.650 [main] DEBUG com.intuit.karate - request:
1 > GET https://dog.ceo/api/breed/retriever/golden/images/random
1 > Accept-Encoding: gzip,deflate
1 > Connection: Keep-Alive
1 > Host: dog.ceo
1 > User-Agent: Apache-HttpClient/4.5.5 (Java/1.8.0_171)

01:36:29.286 [main] DEBUG com.intuit.karate - response time in milliseconds: 634.51
1 < 200
1 < Access-Control-Allow-Origin: *
1 < Age: 0
1 < CF-Cache-Status: DYNAMIC
1 < CF-RAY: 52a788acad29d0fd-TXL
1 < Cache-Control: no-cache, private
1 < Connection: keep-alive
1 < Content-Type: application/json
1 < Date: Wed, 23 Oct 2019 23:36:34 GMT
1 < Expect-CT: max-age=604800, report-uri="https://report-uri.cloudflare.com/cdn-cgi/beacon/expect-ct"
1 < Server: cloudflare
1 < Set-Cookie: __cfduid=dd0fd5f80e77acb06ff57e200485eb3c61571873794; expires=Thu, 22-Oct-20 23:36:34 GMT; path=/; domain=.dog.ceo; HttpOnly; Secure
1 < Transfer-Encoding: chunked
1 < Vary: 
1 < Via: 1.1 varnish (Varnish/6.2), 1.1 varnish (Varnish/6.2)
1 < X-Cache: MISS
1 < X-Cache-Hits: 0
1 < X-Powered-By: PHP/7.3.0
{"message":"https:\/\/images.dog.ceo\/breeds\/retriever-golden\/n02099601_4843.jpg","status":"success"}

01:48:03.736 [main] INFO  com.intuit.karate - karate.env system property was: null 
01:48:04.935 [main] DEBUG com.intuit.karate - request:
1 > GET https://dog.ceo/api/breeds/list/all
1 > Accept-Encoding: gzip,deflate
1 > Connection: Keep-Alive
1 > Host: dog.ceo
1 > User-Agent: Apache-HttpClient/4.5.5 (Java/1.8.0_171)

01:48:06.034 [main] DEBUG com.intuit.karate - response time in milliseconds: 1051.69
1 < 200
1 < Access-Control-Allow-Origin: *
1 < Age: 0
1 < CF-Cache-Status: DYNAMIC
1 < CF-RAY: 52a799af0bb82d7b-TXL
1 < Cache-Control: max-age=1800
1 < Connection: keep-alive
1 < Content-Type: application/json
1 < Date: Wed, 23 Oct 2019 23:48:10 GMT
1 < Expect-CT: max-age=604800, report-uri="https://report-uri.cloudflare.com/cdn-cgi/beacon/expect-ct"
1 < Server: cloudflare
1 < Set-Cookie: __cfduid=d1785108f91e83dbbf8e8a56b8af700cc1571874490; expires=Thu, 22-Oct-20 23:48:10 GMT; path=/; domain=.dog.ceo; HttpOnly; Secure
1 < Transfer-Encoding: chunked
1 < Vary: 
1 < Via: 1.1 varnish (Varnish/6.2), 1.1 varnish (Varnish/6.2)
1 < X-Cache: HIT
1 < X-Cache-Age: 612
1 < X-Cache-Hits: 131
1 < X-Powered-By: PHP/7.3.0
{"message":{"affenpinscher":[],"african":[],"airedale":[],"akita":[],"appenzeller":[],"basenji":[],"beagle":[],"bluetick":[],"borzoi":[],"bouvier":[],"boxer":[],"brabancon":[],"briard":[],"buhund":["norwegian"],"bulldog":["boston","english","french"],"bullterrier":["staffordshire"],"cairn":[],"cattledog":["australian"],"chihuahua":[],"chow":[],"clumber":[],"cockapoo":[],"collie":["border"],"coonhound":[],"corgi":["cardigan"],"cotondetulear":[],"dachshund":[],"dalmatian":[],"dane":["great"],"deerhound":["scottish"],"dhole":[],"dingo":[],"doberman":[],"elkhound":["norwegian"],"entlebucher":[],"eskimo":[],"frise":["bichon"],"germanshepherd":[],"greyhound":["italian"],"groenendael":[],"hound":["afghan","basset","blood","english","ibizan","walker"],"husky":[],"keeshond":[],"kelpie":[],"komondor":[],"kuvasz":[],"labrador":[],"leonberg":[],"lhasa":[],"malamute":[],"malinois":[],"maltese":[],"mastiff":["bull","english","tibetan"],"mexicanhairless":[],"mix":[],"mountain":["bernese","swiss"],"newfoundland":[],"otterhound":[],"papillon":[],"pekinese":[],"pembroke":[],"pinscher":["miniature"],"pointer":["german","germanlonghair"],"pomeranian":[],"poodle":["miniature","standard","toy"],"pug":[],"puggle":[],"pyrenees":[],"redbone":[],"retriever":["chesapeake","curly","flatcoated","golden"],"ridgeback":["rhodesian"],"rottweiler":[],"saluki":[],"samoyed":[],"schipperke":[],"schnauzer":["giant","miniature"],"setter":["english","gordon","irish"],"sheepdog":["english","shetland"],"shiba":[],"shihtzu":[],"spaniel":["blenheim","brittany","cocker","irish","japanese","sussex","welsh"],"springer":["english"],"stbernard":[],"terrier":["american","australian","bedlington","border","dandie","fox","irish","kerryblue","lakeland","norfolk","norwich","patterdale","russell","scottish","sealyham","silky","tibetan","toy","westhighland","wheaten","yorkshire"],"vizsla":[],"waterdog":["spanish"],"weimaraner":[],"whippet":[],"wolfhound":["irish"]},"status":"success"}

01:48:06.093 [main] INFO  com.intuit.karate - [print] {
  "affenpinscher": [
  ],
  "african": [
  ],
  "airedale": [
  ],
  "akita": [
  ],
  "appenzeller": [
  ],
  "basenji": [
  ],
  "beagle": [
  ],
  "bluetick": [
  ],
  "borzoi": [
  ],
  "bouvier": [
  ],
  "boxer": [
  ],
  "brabancon": [
  ],
  "briard": [
  ],
  "buhund": [
    "norwegian"
  ],
  "bulldog": [
    "boston",
    "english",
    "french"
  ],
  "bullterrier": [
    "staffordshire"
  ],
  "cairn": [
  ],
  "cattledog": [
    "australian"
  ],
  "chihuahua": [
  ],
  "chow": [
  ],
  "clumber": [
  ],
  "cockapoo": [
  ],
  "collie": [
    "border"
  ],
  "coonhound": [
  ],
  "corgi": [
    "cardigan"
  ],
  "cotondetulear": [
  ],
  "dachshund": [
  ],
  "dalmatian": [
  ],
  "dane": [
    "great"
  ],
  "deerhound": [
    "scottish"
  ],
  "dhole": [
  ],
  "dingo": [
  ],
  "doberman": [
  ],
  "elkhound": [
    "norwegian"
  ],
  "entlebucher": [
  ],
  "eskimo": [
  ],
  "frise": [
    "bichon"
  ],
  "germanshepherd": [
  ],
  "greyhound": [
    "italian"
  ],
  "groenendael": [
  ],
  "hound": [
    "afghan",
    "basset",
    "blood",
    "english",
    "ibizan",
    "walker"
  ],
  "husky": [
  ],
  "keeshond": [
  ],
  "kelpie": [
  ],
  "komondor": [
  ],
  "kuvasz": [
  ],
  "labrador": [
  ],
  "leonberg": [
  ],
  "lhasa": [
  ],
  "malamute": [
  ],
  "malinois": [
  ],
  "maltese": [
  ],
  "mastiff": [
    "bull",
    "english",
    "tibetan"
  ],
  "mexicanhairless": [
  ],
  "mix": [
  ],
  "mountain": [
    "bernese",
    "swiss"
  ],
  "newfoundland": [
  ],
  "otterhound": [
  ],
  "papillon": [
  ],
  "pekinese": [
  ],
  "pembroke": [
  ],
  "pinscher": [
    "miniature"
  ],
  "pointer": [
    "german",
    "germanlonghair"
  ],
  "pomeranian": [
  ],
  "poodle": [
    "miniature",
    "standard",
    "toy"
  ],
  "pug": [
  ],
  "puggle": [
  ],
  "pyrenees": [
  ],
  "redbone": [
  ],
  "retriever": [
    "chesapeake",
    "curly",
    "flatcoated",
    "golden"
  ],
  "ridgeback": [
    "rhodesian"
  ],
  "rottweiler": [
  ],
  "saluki": [
  ],
  "samoyed": [
  ],
  "schipperke": [
  ],
  "schnauzer": [
    "giant",
    "miniature"
  ],
  "setter": [
    "english",
    "gordon",
    "irish"
  ],
  "sheepdog": [
    "english",
    "shetland"
  ],
  "shiba": [
  ],
  "shihtzu": [
  ],
  "spaniel": [
    "blenheim",
    "brittany",
    "cocker",
    "irish",
    "japanese",
    "sussex",
    "welsh"
  ],
  "springer": [
    "english"
  ],
  "stbernard": [
  ],
  "terrier": [
    "american",
    "australian",
    "bedlington",
    "border",
    "dandie",
    "fox",
    "irish",
    "kerryblue",
    "lakeland",
    "norfolk",
    "norwich",
    "patterdale",
    "russell",
    "scottish",
    "sealyham",
    "silky",
    "tibetan",
    "toy",
    "westhighland",
    "wheaten",
    "yorkshire"
  ],
  "vizsla": [
  ],
  "waterdog": [
    "spanish"
  ],
  "weimaraner": [
  ],
  "whippet": [
  ],
  "wolfhound": [
    "irish"
  ]
}

01:48:06.246 [main] INFO  com.intuit.karate - karate.env system property was: null 
01:48:06.249 [main] DEBUG com.intuit.karate - request:
1 > GET https://dog.ceo/api/breeds/list/all
1 > Accept-Encoding: gzip,deflate
1 > Connection: Keep-Alive
1 > Host: dog.ceo
1 > User-Agent: Apache-HttpClient/4.5.5 (Java/1.8.0_171)

01:48:06.902 [main] DEBUG com.intuit.karate - response time in milliseconds: 651.70
1 < 200
1 < Access-Control-Allow-Origin: *
1 < Age: 0
1 < CF-Cache-Status: DYNAMIC
1 < CF-RAY: 52a799b4eeb6d0fd-TXL
1 < Cache-Control: max-age=1800
1 < Connection: keep-alive
1 < Content-Type: application/json
1 < Date: Wed, 23 Oct 2019 23:48:11 GMT
1 < Expect-CT: max-age=604800, report-uri="https://report-uri.cloudflare.com/cdn-cgi/beacon/expect-ct"
1 < Server: cloudflare
1 < Set-Cookie: __cfduid=dcf48aae6a619135ef78d062d871dd5fd1571874491; expires=Thu, 22-Oct-20 23:48:11 GMT; path=/; domain=.dog.ceo; HttpOnly; Secure
1 < Transfer-Encoding: chunked
1 < Vary: 
1 < Via: 1.1 varnish (Varnish/6.2), 1.1 varnish (Varnish/6.2)
1 < X-Cache: HIT
1 < X-Cache-Age: 613
1 < X-Cache-Hits: 132
1 < X-Powered-By: PHP/7.3.0
{"message":{"affenpinscher":[],"african":[],"airedale":[],"akita":[],"appenzeller":[],"basenji":[],"beagle":[],"bluetick":[],"borzoi":[],"bouvier":[],"boxer":[],"brabancon":[],"briard":[],"buhund":["norwegian"],"bulldog":["boston","english","french"],"bullterrier":["staffordshire"],"cairn":[],"cattledog":["australian"],"chihuahua":[],"chow":[],"clumber":[],"cockapoo":[],"collie":["border"],"coonhound":[],"corgi":["cardigan"],"cotondetulear":[],"dachshund":[],"dalmatian":[],"dane":["great"],"deerhound":["scottish"],"dhole":[],"dingo":[],"doberman":[],"elkhound":["norwegian"],"entlebucher":[],"eskimo":[],"frise":["bichon"],"germanshepherd":[],"greyhound":["italian"],"groenendael":[],"hound":["afghan","basset","blood","english","ibizan","walker"],"husky":[],"keeshond":[],"kelpie":[],"komondor":[],"kuvasz":[],"labrador":[],"leonberg":[],"lhasa":[],"malamute":[],"malinois":[],"maltese":[],"mastiff":["bull","english","tibetan"],"mexicanhairless":[],"mix":[],"mountain":["bernese","swiss"],"newfoundland":[],"otterhound":[],"papillon":[],"pekinese":[],"pembroke":[],"pinscher":["miniature"],"pointer":["german","germanlonghair"],"pomeranian":[],"poodle":["miniature","standard","toy"],"pug":[],"puggle":[],"pyrenees":[],"redbone":[],"retriever":["chesapeake","curly","flatcoated","golden"],"ridgeback":["rhodesian"],"rottweiler":[],"saluki":[],"samoyed":[],"schipperke":[],"schnauzer":["giant","miniature"],"setter":["english","gordon","irish"],"sheepdog":["english","shetland"],"shiba":[],"shihtzu":[],"spaniel":["blenheim","brittany","cocker","irish","japanese","sussex","welsh"],"springer":["english"],"stbernard":[],"terrier":["american","australian","bedlington","border","dandie","fox","irish","kerryblue","lakeland","norfolk","norwich","patterdale","russell","scottish","sealyham","silky","tibetan","toy","westhighland","wheaten","yorkshire"],"vizsla":[],"waterdog":["spanish"],"weimaraner":[],"whippet":[],"wolfhound":["irish"]},"status":"success"}

01:48:06.915 [main] INFO  com.intuit.karate - [print] [
  "chesapeake",
  "curly",
  "flatcoated",
  "golden"
]

01:48:07.449 [main] INFO  com.intuit.karate - karate.env system property was: null 
01:48:07.454 [main] DEBUG com.intuit.karate - request:
1 > GET https://dog.ceo/api/breed/retriever/golden/images/random
1 > Accept-Encoding: gzip,deflate
1 > Connection: Keep-Alive
1 > Host: dog.ceo
1 > User-Agent: Apache-HttpClient/4.5.5 (Java/1.8.0_171)

01:48:08.097 [main] DEBUG com.intuit.karate - response time in milliseconds: 642.04
1 < 200
1 < Access-Control-Allow-Origin: *
1 < Age: 0
1 < CF-Cache-Status: DYNAMIC
1 < CF-RAY: 52a799bc5824d105-TXL
1 < Cache-Control: no-cache, private
1 < Connection: keep-alive
1 < Content-Type: application/json
1 < Date: Wed, 23 Oct 2019 23:48:12 GMT
1 < Expect-CT: max-age=604800, report-uri="https://report-uri.cloudflare.com/cdn-cgi/beacon/expect-ct"
1 < Server: cloudflare
1 < Set-Cookie: __cfduid=d1841ab4170f565bca5ae8cc51994ba491571874492; expires=Thu, 22-Oct-20 23:48:12 GMT; path=/; domain=.dog.ceo; HttpOnly; Secure
1 < Transfer-Encoding: chunked
1 < Vary: 
1 < Via: 1.1 varnish (Varnish/6.2), 1.1 varnish (Varnish/6.2)
1 < X-Cache: MISS
1 < X-Cache-Hits: 0
1 < X-Powered-By: PHP/7.3.0
{"message":"https:\/\/images.dog.ceo\/breeds\/retriever-golden\/n02099601_124.jpg","status":"success"}

01:50:19.712 [main] WARN  com.intuit.karate - skipping bootstrap configuration: could not find or read file: classpath:karate-config.js
01:50:20.771 [main] DEBUG com.intuit.karate - request:
1 > GET https://dog.ceo/api/breeds/list/all
1 > Accept-Encoding: gzip,deflate
1 > Connection: Keep-Alive
1 > Host: dog.ceo
1 > User-Agent: Apache-HttpClient/4.5.5 (Java/1.8.0_171)

01:50:21.790 [main] DEBUG com.intuit.karate - response time in milliseconds: 1011.62
1 < 200
1 < Access-Control-Allow-Origin: *
1 < Age: 0
1 < CF-Cache-Status: DYNAMIC
1 < CF-RAY: 52a79cffdff0d109-TXL
1 < Cache-Control: max-age=1800
1 < Connection: keep-alive
1 < Content-Type: application/json
1 < Date: Wed, 23 Oct 2019 23:50:26 GMT
1 < Expect-CT: max-age=604800, report-uri="https://report-uri.cloudflare.com/cdn-cgi/beacon/expect-ct"
1 < Server: cloudflare
1 < Set-Cookie: __cfduid=dd4435ddcccf49a71541910bba26feaae1571874626; expires=Thu, 22-Oct-20 23:50:26 GMT; path=/; domain=.dog.ceo; HttpOnly; Secure
1 < Transfer-Encoding: chunked
1 < Vary: 
1 < Via: 1.1 varnish (Varnish/6.2), 1.1 varnish (Varnish/6.3)
1 < X-Cache: HIT
1 < X-Cache-Age: 748
1 < X-Cache-Hits: 163
1 < X-Powered-By: PHP/7.3.0
{"message":{"affenpinscher":[],"african":[],"airedale":[],"akita":[],"appenzeller":[],"basenji":[],"beagle":[],"bluetick":[],"borzoi":[],"bouvier":[],"boxer":[],"brabancon":[],"briard":[],"buhund":["norwegian"],"bulldog":["boston","english","french"],"bullterrier":["staffordshire"],"cairn":[],"cattledog":["australian"],"chihuahua":[],"chow":[],"clumber":[],"cockapoo":[],"collie":["border"],"coonhound":[],"corgi":["cardigan"],"cotondetulear":[],"dachshund":[],"dalmatian":[],"dane":["great"],"deerhound":["scottish"],"dhole":[],"dingo":[],"doberman":[],"elkhound":["norwegian"],"entlebucher":[],"eskimo":[],"frise":["bichon"],"germanshepherd":[],"greyhound":["italian"],"groenendael":[],"hound":["afghan","basset","blood","english","ibizan","walker"],"husky":[],"keeshond":[],"kelpie":[],"komondor":[],"kuvasz":[],"labrador":[],"leonberg":[],"lhasa":[],"malamute":[],"malinois":[],"maltese":[],"mastiff":["bull","english","tibetan"],"mexicanhairless":[],"mix":[],"mountain":["bernese","swiss"],"newfoundland":[],"otterhound":[],"papillon":[],"pekinese":[],"pembroke":[],"pinscher":["miniature"],"pointer":["german","germanlonghair"],"pomeranian":[],"poodle":["miniature","standard","toy"],"pug":[],"puggle":[],"pyrenees":[],"redbone":[],"retriever":["chesapeake","curly","flatcoated","golden"],"ridgeback":["rhodesian"],"rottweiler":[],"saluki":[],"samoyed":[],"schipperke":[],"schnauzer":["giant","miniature"],"setter":["english","gordon","irish"],"sheepdog":["english","shetland"],"shiba":[],"shihtzu":[],"spaniel":["blenheim","brittany","cocker","irish","japanese","sussex","welsh"],"springer":["english"],"stbernard":[],"terrier":["american","australian","bedlington","border","dandie","fox","irish","kerryblue","lakeland","norfolk","norwich","patterdale","russell","scottish","sealyham","silky","tibetan","toy","westhighland","wheaten","yorkshire"],"vizsla":[],"waterdog":["spanish"],"weimaraner":[],"whippet":[],"wolfhound":["irish"]},"status":"success"}

01:50:21.860 [main] INFO  com.intuit.karate - [print] {
  "affenpinscher": [
  ],
  "african": [
  ],
  "airedale": [
  ],
  "akita": [
  ],
  "appenzeller": [
  ],
  "basenji": [
  ],
  "beagle": [
  ],
  "bluetick": [
  ],
  "borzoi": [
  ],
  "bouvier": [
  ],
  "boxer": [
  ],
  "brabancon": [
  ],
  "briard": [
  ],
  "buhund": [
    "norwegian"
  ],
  "bulldog": [
    "boston",
    "english",
    "french"
  ],
  "bullterrier": [
    "staffordshire"
  ],
  "cairn": [
  ],
  "cattledog": [
    "australian"
  ],
  "chihuahua": [
  ],
  "chow": [
  ],
  "clumber": [
  ],
  "cockapoo": [
  ],
  "collie": [
    "border"
  ],
  "coonhound": [
  ],
  "corgi": [
    "cardigan"
  ],
  "cotondetulear": [
  ],
  "dachshund": [
  ],
  "dalmatian": [
  ],
  "dane": [
    "great"
  ],
  "deerhound": [
    "scottish"
  ],
  "dhole": [
  ],
  "dingo": [
  ],
  "doberman": [
  ],
  "elkhound": [
    "norwegian"
  ],
  "entlebucher": [
  ],
  "eskimo": [
  ],
  "frise": [
    "bichon"
  ],
  "germanshepherd": [
  ],
  "greyhound": [
    "italian"
  ],
  "groenendael": [
  ],
  "hound": [
    "afghan",
    "basset",
    "blood",
    "english",
    "ibizan",
    "walker"
  ],
  "husky": [
  ],
  "keeshond": [
  ],
  "kelpie": [
  ],
  "komondor": [
  ],
  "kuvasz": [
  ],
  "labrador": [
  ],
  "leonberg": [
  ],
  "lhasa": [
  ],
  "malamute": [
  ],
  "malinois": [
  ],
  "maltese": [
  ],
  "mastiff": [
    "bull",
    "english",
    "tibetan"
  ],
  "mexicanhairless": [
  ],
  "mix": [
  ],
  "mountain": [
    "bernese",
    "swiss"
  ],
  "newfoundland": [
  ],
  "otterhound": [
  ],
  "papillon": [
  ],
  "pekinese": [
  ],
  "pembroke": [
  ],
  "pinscher": [
    "miniature"
  ],
  "pointer": [
    "german",
    "germanlonghair"
  ],
  "pomeranian": [
  ],
  "poodle": [
    "miniature",
    "standard",
    "toy"
  ],
  "pug": [
  ],
  "puggle": [
  ],
  "pyrenees": [
  ],
  "redbone": [
  ],
  "retriever": [
    "chesapeake",
    "curly",
    "flatcoated",
    "golden"
  ],
  "ridgeback": [
    "rhodesian"
  ],
  "rottweiler": [
  ],
  "saluki": [
  ],
  "samoyed": [
  ],
  "schipperke": [
  ],
  "schnauzer": [
    "giant",
    "miniature"
  ],
  "setter": [
    "english",
    "gordon",
    "irish"
  ],
  "sheepdog": [
    "english",
    "shetland"
  ],
  "shiba": [
  ],
  "shihtzu": [
  ],
  "spaniel": [
    "blenheim",
    "brittany",
    "cocker",
    "irish",
    "japanese",
    "sussex",
    "welsh"
  ],
  "springer": [
    "english"
  ],
  "stbernard": [
  ],
  "terrier": [
    "american",
    "australian",
    "bedlington",
    "border",
    "dandie",
    "fox",
    "irish",
    "kerryblue",
    "lakeland",
    "norfolk",
    "norwich",
    "patterdale",
    "russell",
    "scottish",
    "sealyham",
    "silky",
    "tibetan",
    "toy",
    "westhighland",
    "wheaten",
    "yorkshire"
  ],
  "vizsla": [
  ],
  "waterdog": [
    "spanish"
  ],
  "weimaraner": [
  ],
  "whippet": [
  ],
  "wolfhound": [
    "irish"
  ]
}

01:50:21.878 [main] WARN  com.intuit.karate - skipping bootstrap configuration: could not find or read file: classpath:karate-config.js
01:50:21.880 [main] DEBUG com.intuit.karate - request:
1 > GET https://dog.ceo/api/breeds/list/all
1 > Accept-Encoding: gzip,deflate
1 > Connection: Keep-Alive
1 > Host: dog.ceo
1 > User-Agent: Apache-HttpClient/4.5.5 (Java/1.8.0_171)

01:50:22.533 [main] DEBUG com.intuit.karate - response time in milliseconds: 651.01
1 < 200
1 < Access-Control-Allow-Origin: *
1 < Age: 0
1 < CF-Cache-Status: DYNAMIC
1 < CF-RAY: 52a79d04a82ad105-TXL
1 < Cache-Control: max-age=1800
1 < Connection: keep-alive
1 < Content-Type: application/json
1 < Date: Wed, 23 Oct 2019 23:50:27 GMT
1 < Expect-CT: max-age=604800, report-uri="https://report-uri.cloudflare.com/cdn-cgi/beacon/expect-ct"
1 < Server: cloudflare
1 < Set-Cookie: __cfduid=db1bea427b1bafb658579554bfb385b851571874627; expires=Thu, 22-Oct-20 23:50:27 GMT; path=/; domain=.dog.ceo; HttpOnly; Secure
1 < Transfer-Encoding: chunked
1 < Vary: 
1 < Via: 1.1 varnish (Varnish/6.2), 1.1 varnish (Varnish/6.3)
1 < X-Cache: HIT
1 < X-Cache-Age: 748
1 < X-Cache-Hits: 164
1 < X-Powered-By: PHP/7.3.0
{"message":{"affenpinscher":[],"african":[],"airedale":[],"akita":[],"appenzeller":[],"basenji":[],"beagle":[],"bluetick":[],"borzoi":[],"bouvier":[],"boxer":[],"brabancon":[],"briard":[],"buhund":["norwegian"],"bulldog":["boston","english","french"],"bullterrier":["staffordshire"],"cairn":[],"cattledog":["australian"],"chihuahua":[],"chow":[],"clumber":[],"cockapoo":[],"collie":["border"],"coonhound":[],"corgi":["cardigan"],"cotondetulear":[],"dachshund":[],"dalmatian":[],"dane":["great"],"deerhound":["scottish"],"dhole":[],"dingo":[],"doberman":[],"elkhound":["norwegian"],"entlebucher":[],"eskimo":[],"frise":["bichon"],"germanshepherd":[],"greyhound":["italian"],"groenendael":[],"hound":["afghan","basset","blood","english","ibizan","walker"],"husky":[],"keeshond":[],"kelpie":[],"komondor":[],"kuvasz":[],"labrador":[],"leonberg":[],"lhasa":[],"malamute":[],"malinois":[],"maltese":[],"mastiff":["bull","english","tibetan"],"mexicanhairless":[],"mix":[],"mountain":["bernese","swiss"],"newfoundland":[],"otterhound":[],"papillon":[],"pekinese":[],"pembroke":[],"pinscher":["miniature"],"pointer":["german","germanlonghair"],"pomeranian":[],"poodle":["miniature","standard","toy"],"pug":[],"puggle":[],"pyrenees":[],"redbone":[],"retriever":["chesapeake","curly","flatcoated","golden"],"ridgeback":["rhodesian"],"rottweiler":[],"saluki":[],"samoyed":[],"schipperke":[],"schnauzer":["giant","miniature"],"setter":["english","gordon","irish"],"sheepdog":["english","shetland"],"shiba":[],"shihtzu":[],"spaniel":["blenheim","brittany","cocker","irish","japanese","sussex","welsh"],"springer":["english"],"stbernard":[],"terrier":["american","australian","bedlington","border","dandie","fox","irish","kerryblue","lakeland","norfolk","norwich","patterdale","russell","scottish","sealyham","silky","tibetan","toy","westhighland","wheaten","yorkshire"],"vizsla":[],"waterdog":["spanish"],"weimaraner":[],"whippet":[],"wolfhound":["irish"]},"status":"success"}

01:50:22.545 [main] INFO  com.intuit.karate - [print] [
  "chesapeake",
  "curly",
  "flatcoated",
  "golden"
]

01:50:22.641 [main] WARN  com.intuit.karate - skipping bootstrap configuration: could not find or read file: classpath:karate-config.js
01:50:22.645 [main] DEBUG com.intuit.karate - request:
1 > GET https://dog.ceo/api/breed/retriever/golden/images/random
1 > Accept-Encoding: gzip,deflate
1 > Connection: Keep-Alive
1 > Host: dog.ceo
1 > User-Agent: Apache-HttpClient/4.5.5 (Java/1.8.0_171)

01:50:23.301 [main] DEBUG com.intuit.karate - response time in milliseconds: 653.65
1 < 200
1 < Access-Control-Allow-Origin: *
1 < Age: 0
1 < CF-Cache-Status: DYNAMIC
1 < CF-RAY: 52a79d095a20d11d-TXL
1 < Cache-Control: no-cache, private
1 < Connection: keep-alive
1 < Content-Type: application/json
1 < Date: Wed, 23 Oct 2019 23:50:28 GMT
1 < Expect-CT: max-age=604800, report-uri="https://report-uri.cloudflare.com/cdn-cgi/beacon/expect-ct"
1 < Server: cloudflare
1 < Set-Cookie: __cfduid=d05686d3c8fd17cad4095fb5f21eff0e41571874628; expires=Thu, 22-Oct-20 23:50:28 GMT; path=/; domain=.dog.ceo; HttpOnly; Secure
1 < Transfer-Encoding: chunked
1 < Vary: 
1 < Via: 1.1 varnish (Varnish/6.2), 1.1 varnish (Varnish/6.3)
1 < X-Cache: MISS
1 < X-Cache-Hits: 0
1 < X-Powered-By: PHP/7.3.0
{"message":"https:\/\/images.dog.ceo\/breeds\/retriever-golden\/n02099601_3853.jpg","status":"success"}

